<?xml version="1.0" encoding="UTF-8"?>
<!-- Generated by org.testng.reporters.JUnitXMLReporter -->
<testsuite ignored="0" hostname="Aika" failures="0" tests="3" name="Default test" time="92.942" errors="0" timestamp="2026-03-30T14:20:27 IST">
  <testcase classname="Tests.HomePageTest" name="verifyCategoryAfterLogin" time="27.892"/>
  <testcase classname="Tests.HomePageTest" name="verifyCategoryAfterLogin" time="22.148"/>
  <testcase classname="Tests.HomePageTest" name="verifyCategoryAfterLogin" time="20.623"/>
</testsuite> <!-- Default test -->
