<?xml version="1.0" encoding="UTF-8"?>
<!-- Generated by org.testng.reporters.JUnitXMLReporter -->
<testsuite ignored="0" hostname="Aika" failures="0" tests="4" name="Test" time="45.711" errors="0" timestamp="2026-03-30T14:46:17 IST">
  <testcase classname="Tests.SignUpTest" name="signupWithExistingEmailTest" time="4.611"/>
  <testcase classname="Tests.SignUpTest" name="validSignupTest" time="12.299"/>
  <testcase classname="Tests.SignUpTest" name="validSignupTest" time="12.078"/>
  <testcase classname="Tests.LoginTest" name="loginWithInvalidPassword" time="1.857"/>
</testsuite> <!-- Test -->
