<?xml version="1.0" encoding="UTF-8"?>
<!-- Generated by org.testng.reporters.JUnitXMLReporter -->
<testsuite ignored="0" hostname="Aika" failures="0" tests="10" name="Test" time="177.329" errors="0" timestamp="2026-03-30T15:11:35 IST">
  <testcase classname="Tests.SignUpTest" name="signupWithExistingEmailTest" time="2.278"/>
  <testcase classname="Tests.SignUpTest" name="validSignupTest" time="32.331"/>
  <testcase classname="Tests.SignUpTest" name="validSignupTest" time="12.276"/>
  <testcase classname="Tests.LoginTest" name="loginWithInvalidPassword" time="2.822"/>
  <testcase classname="Tests.LoginTest" name="loginWithValidCredential" time="5.61"/>
  <testcase classname="Tests.LoginTest" name="loginWithValidCredential" time="8.3"/>
  <testcase classname="Tests.LoginTest" name="loginWithValidCredential" time="5.137"/>
  <testcase classname="Tests.HomePageTest" name="verifyCategoryAfterLogin" time="18.195"/>
  <testcase classname="Tests.HomePageTest" name="verifyCategoryAfterLogin" time="16.837"/>
  <testcase classname="Tests.HomePageTest" name="verifyCategoryAfterLogin" time="44.14"/>
</testsuite> <!-- Test -->
