<?xml version="1.0" encoding="UTF-8"?>
<!-- Generated by org.testng.reporters.JUnitXMLReporter -->
<testsuite ignored="0" hostname="Aika" failures="0" tests="5" name="Test" time="55.11" errors="0" timestamp="2026-03-28T15:48:00 IST">
  <testcase classname="Tests.SignUpTest" name="signupWithExistingEmailTest" time="3.388"/>
  <testcase classname="Tests.SignUpTest" name="validSignupTest" time="10.649"/>
  <testcase classname="Tests.SignUpTest" name="validSignupTest" time="11.066"/>
  <testcase classname="Tests.LoginTest" name="loginWithInvalidPassword" time="2.39"/>
  <testcase classname="Tests.LoginTest" name="loginWithValidCredential" time="4.457"/>
</testsuite> <!-- Test -->
