<?xml version="1.0" encoding="UTF-8"?>
<testng-results ignored="0" total="10" passed="10" failed="0" skipped="0">
  <reporter-output>
  </reporter-output>
  <suite started-at="2026-03-30T15:08:38 IST" name="Suite" finished-at="2026-03-30T15:11:35 IST" duration-ms="177329">
    <groups>
    </groups>
    <test started-at="2026-03-30T15:08:38 IST" name="Test" finished-at="2026-03-30T15:11:35 IST" duration-ms="177329">
      <class name="Tests.HomePageTest">
        <test-method is-config="true" signature="setup()[pri:0, instance:Tests.HomePageTest@60641ec8]" started-at="2026-03-30T15:10:07 IST" name="setup" finished-at="2026-03-30T15:10:10 IST" duration-ms="2882" status="PASS">
          <reporter-output>
          </reporter-output>
        </test-method> <!-- setup -->
        <test-method signature="verifyCategoryAfterLogin(java.lang.String,java.lang.String,java.lang.String,java.lang.String)[pri:0, instance:Tests.HomePageTest@60641ec8]" started-at="2026-03-30T15:10:10 IST" name="verifyCategoryAfterLogin" data-provider="validloginData" finished-at="2026-03-30T15:10:28 IST" duration-ms="18195" status="PASS">
          <params>
            <param index="0">
              <value>
                <![CDATA[kamran44@mailinator.com]]>
              </value>
            </param>
            <param index="1">
              <value>
                <![CDATA[Test@123]]>
              </value>
            </param>
            <param index="2">
              <value>
                <![CDATA[Women]]>
              </value>
            </param>
            <param index="3">
              <value>
                <![CDATA[Dress]]>
              </value>
            </param>
          </params>
          <reporter-output>
          </reporter-output>
        </test-method> <!-- verifyCategoryAfterLogin -->
        <test-method is-config="true" signature="tearDown()[pri:0, instance:Tests.HomePageTest@60641ec8]" started-at="2026-03-30T15:10:28 IST" name="tearDown" finished-at="2026-03-30T15:10:28 IST" duration-ms="261" status="PASS">
          <reporter-output>
          </reporter-output>
        </test-method> <!-- tearDown -->
        <test-method is-config="true" signature="setup()[pri:0, instance:Tests.HomePageTest@60641ec8]" started-at="2026-03-30T15:10:28 IST" name="setup" finished-at="2026-03-30T15:10:31 IST" duration-ms="2218" status="PASS">
          <reporter-output>
          </reporter-output>
        </test-method> <!-- setup -->
        <test-method signature="verifyCategoryAfterLogin(java.lang.String,java.lang.String,java.lang.String,java.lang.String)[pri:0, instance:Tests.HomePageTest@60641ec8]" started-at="2026-03-30T15:10:31 IST" name="verifyCategoryAfterLogin" data-provider="validloginData" finished-at="2026-03-30T15:10:48 IST" duration-ms="16837" status="PASS">
          <params>
            <param index="0">
              <value>
                <![CDATA[kamran44@mailinator.com]]>
              </value>
            </param>
            <param index="1">
              <value>
                <![CDATA[Test@123]]>
              </value>
            </param>
            <param index="2">
              <value>
                <![CDATA[Women]]>
              </value>
            </param>
            <param index="3">
              <value>
                <![CDATA[Tops]]>
              </value>
            </param>
          </params>
          <reporter-output>
          </reporter-output>
        </test-method> <!-- verifyCategoryAfterLogin -->
        <test-method is-config="true" signature="tearDown()[pri:0, instance:Tests.HomePageTest@60641ec8]" started-at="2026-03-30T15:10:48 IST" name="tearDown" finished-at="2026-03-30T15:10:48 IST" duration-ms="263" status="PASS">
          <reporter-output>
          </reporter-output>
        </test-method> <!-- tearDown -->
        <test-method is-config="true" signature="setup()[pri:0, instance:Tests.HomePageTest@60641ec8]" started-at="2026-03-30T15:10:48 IST" name="setup" finished-at="2026-03-30T15:10:51 IST" duration-ms="2752" status="PASS">
          <reporter-output>
          </reporter-output>
        </test-method> <!-- setup -->
        <test-method signature="verifyCategoryAfterLogin(java.lang.String,java.lang.String,java.lang.String,java.lang.String)[pri:0, instance:Tests.HomePageTest@60641ec8]" started-at="2026-03-30T15:10:51 IST" name="verifyCategoryAfterLogin" data-provider="validloginData" finished-at="2026-03-30T15:11:35 IST" duration-ms="44140" status="PASS">
          <params>
            <param index="0">
              <value>
                <![CDATA[kamran44@mailinator.com]]>
              </value>
            </param>
            <param index="1">
              <value>
                <![CDATA[Test@123]]>
              </value>
            </param>
            <param index="2">
              <value>
                <![CDATA[Women]]>
              </value>
            </param>
            <param index="3">
              <value>
                <![CDATA[Saree]]>
              </value>
            </param>
          </params>
          <reporter-output>
          </reporter-output>
        </test-method> <!-- verifyCategoryAfterLogin -->
        <test-method is-config="true" signature="tearDown()[pri:0, instance:Tests.HomePageTest@60641ec8]" started-at="2026-03-30T15:11:35 IST" name="tearDown" finished-at="2026-03-30T15:11:35 IST" duration-ms="261" status="PASS">
          <reporter-output>
          </reporter-output>
        </test-method> <!-- tearDown -->
      </class> <!-- Tests.HomePageTest -->
      <class name="Tests.LoginTest">
        <test-method is-config="true" signature="setup()[pri:0, instance:Tests.LoginTest@3382f8ae]" started-at="2026-03-30T15:09:36 IST" name="setup" finished-at="2026-03-30T15:09:37 IST" duration-ms="1232" status="PASS">
          <reporter-output>
          </reporter-output>
        </test-method> <!-- setup -->
        <test-method signature="loginWithInvalidPassword(java.lang.String,java.lang.String)[pri:0, instance:Tests.LoginTest@3382f8ae]" started-at="2026-03-30T15:09:37 IST" name="loginWithInvalidPassword" data-provider="invalidloginData" finished-at="2026-03-30T15:09:40 IST" duration-ms="2822" status="PASS">
          <params>
            <param index="0">
              <value>
                <![CDATA[wrong@test.com]]>
              </value>
            </param>
            <param index="1">
              <value>
                <![CDATA[Test@123]]>
              </value>
            </param>
          </params>
          <reporter-output>
          </reporter-output>
        </test-method> <!-- loginWithInvalidPassword -->
        <test-method is-config="true" signature="tearDown()[pri:0, instance:Tests.LoginTest@3382f8ae]" started-at="2026-03-30T15:09:40 IST" name="tearDown" finished-at="2026-03-30T15:09:40 IST" duration-ms="198" status="PASS">
          <reporter-output>
          </reporter-output>
        </test-method> <!-- tearDown -->
        <test-method is-config="true" signature="setup()[pri:0, instance:Tests.LoginTest@3382f8ae]" started-at="2026-03-30T15:09:40 IST" name="setup" finished-at="2026-03-30T15:09:43 IST" duration-ms="2784" status="PASS">
          <reporter-output>
          </reporter-output>
        </test-method> <!-- setup -->
        <test-method signature="loginWithValidCredential(java.lang.String,java.lang.String,java.lang.String,java.lang.String)[pri:0, instance:Tests.LoginTest@3382f8ae]" started-at="2026-03-30T15:09:43 IST" name="loginWithValidCredential" data-provider="validloginData" finished-at="2026-03-30T15:09:48 IST" duration-ms="5610" status="PASS">
          <params>
            <param index="0">
              <value>
                <![CDATA[kamran44@mailinator.com]]>
              </value>
            </param>
            <param index="1">
              <value>
                <![CDATA[Test@123]]>
              </value>
            </param>
            <param index="2">
              <value>
                <![CDATA[Women]]>
              </value>
            </param>
            <param index="3">
              <value>
                <![CDATA[Dress]]>
              </value>
            </param>
          </params>
          <reporter-output>
          </reporter-output>
        </test-method> <!-- loginWithValidCredential -->
        <test-method is-config="true" signature="tearDown()[pri:0, instance:Tests.LoginTest@3382f8ae]" started-at="2026-03-30T15:09:48 IST" name="tearDown" finished-at="2026-03-30T15:09:49 IST" duration-ms="196" status="PASS">
          <reporter-output>
          </reporter-output>
        </test-method> <!-- tearDown -->
        <test-method is-config="true" signature="setup()[pri:0, instance:Tests.LoginTest@3382f8ae]" started-at="2026-03-30T15:09:49 IST" name="setup" finished-at="2026-03-30T15:09:51 IST" duration-ms="2445" status="PASS">
          <reporter-output>
          </reporter-output>
        </test-method> <!-- setup -->
        <test-method signature="loginWithValidCredential(java.lang.String,java.lang.String,java.lang.String,java.lang.String)[pri:0, instance:Tests.LoginTest@3382f8ae]" started-at="2026-03-30T15:09:51 IST" name="loginWithValidCredential" data-provider="validloginData" finished-at="2026-03-30T15:09:59 IST" duration-ms="8300" status="PASS">
          <params>
            <param index="0">
              <value>
                <![CDATA[kamran44@mailinator.com]]>
              </value>
            </param>
            <param index="1">
              <value>
                <![CDATA[Test@123]]>
              </value>
            </param>
            <param index="2">
              <value>
                <![CDATA[Women]]>
              </value>
            </param>
            <param index="3">
              <value>
                <![CDATA[Tops]]>
              </value>
            </param>
          </params>
          <reporter-output>
          </reporter-output>
        </test-method> <!-- loginWithValidCredential -->
        <test-method is-config="true" signature="tearDown()[pri:0, instance:Tests.LoginTest@3382f8ae]" started-at="2026-03-30T15:09:59 IST" name="tearDown" finished-at="2026-03-30T15:10:00 IST" duration-ms="196" status="PASS">
          <reporter-output>
          </reporter-output>
        </test-method> <!-- tearDown -->
        <test-method is-config="true" signature="setup()[pri:0, instance:Tests.LoginTest@3382f8ae]" started-at="2026-03-30T15:10:00 IST" name="setup" finished-at="2026-03-30T15:10:02 IST" duration-ms="2163" status="PASS">
          <reporter-output>
          </reporter-output>
        </test-method> <!-- setup -->
        <test-method signature="loginWithValidCredential(java.lang.String,java.lang.String,java.lang.String,java.lang.String)[pri:0, instance:Tests.LoginTest@3382f8ae]" started-at="2026-03-30T15:10:02 IST" name="loginWithValidCredential" data-provider="validloginData" finished-at="2026-03-30T15:10:07 IST" duration-ms="5137" status="PASS">
          <params>
            <param index="0">
              <value>
                <![CDATA[kamran44@mailinator.com]]>
              </value>
            </param>
            <param index="1">
              <value>
                <![CDATA[Test@123]]>
              </value>
            </param>
            <param index="2">
              <value>
                <![CDATA[Women]]>
              </value>
            </param>
            <param index="3">
              <value>
                <![CDATA[Saree]]>
              </value>
            </param>
          </params>
          <reporter-output>
          </reporter-output>
        </test-method> <!-- loginWithValidCredential -->
        <test-method is-config="true" signature="tearDown()[pri:0, instance:Tests.LoginTest@3382f8ae]" started-at="2026-03-30T15:10:07 IST" name="tearDown" finished-at="2026-03-30T15:10:07 IST" duration-ms="244" status="PASS">
          <reporter-output>
          </reporter-output>
        </test-method> <!-- tearDown -->
      </class> <!-- Tests.LoginTest -->
      <class name="Tests.SignUpTest">
        <test-method is-config="true" signature="setup()[pri:0, instance:Tests.SignUpTest@3f0846c6]" started-at="2026-03-30T15:08:38 IST" name="setup" finished-at="2026-03-30T15:08:41 IST" duration-ms="3723" status="PASS">
          <reporter-output>
          </reporter-output>
        </test-method> <!-- setup -->
        <test-method signature="signupWithExistingEmailTest()[pri:0, instance:Tests.SignUpTest@3f0846c6]" started-at="2026-03-30T15:08:41 IST" name="signupWithExistingEmailTest" finished-at="2026-03-30T15:08:44 IST" duration-ms="2278" status="PASS">
          <reporter-output>
          </reporter-output>
        </test-method> <!-- signupWithExistingEmailTest -->
        <test-method is-config="true" signature="tearDown()[pri:0, instance:Tests.SignUpTest@3f0846c6]" started-at="2026-03-30T15:08:44 IST" name="tearDown" finished-at="2026-03-30T15:08:44 IST" duration-ms="231" status="PASS">
          <reporter-output>
          </reporter-output>
        </test-method> <!-- tearDown -->
        <test-method is-config="true" signature="setup()[pri:0, instance:Tests.SignUpTest@3f0846c6]" started-at="2026-03-30T15:08:44 IST" name="setup" finished-at="2026-03-30T15:08:47 IST" duration-ms="2626" status="PASS">
          <reporter-output>
          </reporter-output>
        </test-method> <!-- setup -->
        <test-method signature="validSignupTest(java.lang.String,java.lang.String,java.lang.String,java.lang.String,java.lang.String,java.lang.String,java.lang.String,java.lang.String,java.lang.String,java.lang.String,java.lang.String,java.lang.String,java.lang.String,java.lang.String,java.lang.String,java.lang.String)[pri:0, instance:Tests.SignUpTest@3f0846c6]" started-at="2026-03-30T15:08:47 IST" name="validSignupTest" data-provider="signupData" finished-at="2026-03-30T15:09:19 IST" duration-ms="32331" status="PASS">
          <params>
            <param index="0">
              <value>
                <![CDATA[Mr]]>
              </value>
            </param>
            <param index="1">
              <value>
                <![CDATA[kamran]]>
              </value>
            </param>
            <param index="2">
              <value>
                <![CDATA[Test@123]]>
              </value>
            </param>
            <param index="3">
              <value>
                <![CDATA[10]]>
              </value>
            </param>
            <param index="4">
              <value>
                <![CDATA[May]]>
              </value>
            </param>
            <param index="5">
              <value>
                <![CDATA[1998]]>
              </value>
            </param>
            <param index="6">
              <value>
                <![CDATA[Kamran]]>
              </value>
            </param>
            <param index="7">
              <value>
                <![CDATA[Khan]]>
              </value>
            </param>
            <param index="8">
              <value>
                <![CDATA[ABC Company]]>
              </value>
            </param>
            <param index="9">
              <value>
                <![CDATA[Delhi India]]>
              </value>
            </param>
            <param index="10">
              <value>
                <![CDATA[Delhi]]>
              </value>
            </param>
            <param index="11">
              <value>
                <![CDATA[India]]>
              </value>
            </param>
            <param index="12">
              <value>
                <![CDATA[Delhi]]>
              </value>
            </param>
            <param index="13">
              <value>
                <![CDATA[Delhi]]>
              </value>
            </param>
            <param index="14">
              <value>
                <![CDATA[110001]]>
              </value>
            </param>
            <param index="15">
              <value>
                <![CDATA[9999999999]]>
              </value>
            </param>
          </params>
          <reporter-output>
          </reporter-output>
        </test-method> <!-- validSignupTest -->
        <test-method is-config="true" signature="tearDown()[pri:0, instance:Tests.SignUpTest@3f0846c6]" started-at="2026-03-30T15:09:19 IST" name="tearDown" finished-at="2026-03-30T15:09:20 IST" duration-ms="972" status="PASS">
          <reporter-output>
          </reporter-output>
        </test-method> <!-- tearDown -->
        <test-method is-config="true" signature="setup()[pri:0, instance:Tests.SignUpTest@3f0846c6]" started-at="2026-03-30T15:09:20 IST" name="setup" finished-at="2026-03-30T15:09:23 IST" duration-ms="2724" status="PASS">
          <reporter-output>
          </reporter-output>
        </test-method> <!-- setup -->
        <test-method signature="validSignupTest(java.lang.String,java.lang.String,java.lang.String,java.lang.String,java.lang.String,java.lang.String,java.lang.String,java.lang.String,java.lang.String,java.lang.String,java.lang.String,java.lang.String,java.lang.String,java.lang.String,java.lang.String,java.lang.String)[pri:0, instance:Tests.SignUpTest@3f0846c6]" started-at="2026-03-30T15:09:23 IST" name="validSignupTest" data-provider="signupData" finished-at="2026-03-30T15:09:35 IST" duration-ms="12276" status="PASS">
          <params>
            <param index="0">
              <value>
                <![CDATA[Mrs]]>
              </value>
            </param>
            <param index="1">
              <value>
                <![CDATA[sara]]>
              </value>
            </param>
            <param index="2">
              <value>
                <![CDATA[Test@123]]>
              </value>
            </param>
            <param index="3">
              <value>
                <![CDATA[5]]>
              </value>
            </param>
            <param index="4">
              <value>
                <![CDATA[March]]>
              </value>
            </param>
            <param index="5">
              <value>
                <![CDATA[1995]]>
              </value>
            </param>
            <param index="6">
              <value>
                <![CDATA[Sara]]>
              </value>
            </param>
            <param index="7">
              <value>
                <![CDATA[Khan]]>
              </value>
            </param>
            <param index="8">
              <value>
                <![CDATA[XYZ Company]]>
              </value>
            </param>
            <param index="9">
              <value>
                <![CDATA[Mumbai India]]>
              </value>
            </param>
            <param index="10">
              <value>
                <![CDATA[Mumbai]]>
              </value>
            </param>
            <param index="11">
              <value>
                <![CDATA[India]]>
              </value>
            </param>
            <param index="12">
              <value>
                <![CDATA[Maharashtra]]>
              </value>
            </param>
            <param index="13">
              <value>
                <![CDATA[Mumbai]]>
              </value>
            </param>
            <param index="14">
              <value>
                <![CDATA[400001]]>
              </value>
            </param>
            <param index="15">
              <value>
                <![CDATA[8888888888]]>
              </value>
            </param>
          </params>
          <reporter-output>
          </reporter-output>
        </test-method> <!-- validSignupTest -->
        <test-method is-config="true" signature="tearDown()[pri:0, instance:Tests.SignUpTest@3f0846c6]" started-at="2026-03-30T15:09:35 IST" name="tearDown" finished-at="2026-03-30T15:09:36 IST" duration-ms="218" status="PASS">
          <reporter-output>
          </reporter-output>
        </test-method> <!-- tearDown -->
      </class> <!-- Tests.SignUpTest -->
    </test> <!-- Test -->
  </suite> <!-- Suite -->
</testng-results>
