<?xml version="1.0" encoding="UTF-8"?>
<testng-results ignored="0" total="5" passed="5" failed="0" skipped="0">
  <reporter-output>
  </reporter-output>
  <suite started-at="2026-03-28T23:55:30 IST" name="Suite" finished-at="2026-03-28T23:57:12 IST" duration-ms="102759">
    <groups>
    </groups>
    <test started-at="2026-03-28T23:55:30 IST" name="Test" finished-at="2026-03-28T23:57:12 IST" duration-ms="102759">
      <class name="Tests.LoginTest">
        <test-method is-config="true" signature="setup()[pri:0, instance:Tests.LoginTest@5dd91bca]" started-at="2026-03-28T23:56:53 IST" name="setup" finished-at="2026-03-28T23:56:57 IST" duration-ms="4245" status="PASS">
          <reporter-output>
          </reporter-output>
        </test-method> <!-- setup -->
        <test-method signature="loginWithInvalidPassword(java.lang.String,java.lang.String)[pri:0, instance:Tests.LoginTest@5dd91bca]" started-at="2026-03-28T23:56:57 IST" name="loginWithInvalidPassword" data-provider="invalidloginData" finished-at="2026-03-28T23:57:00 IST" duration-ms="2639" status="PASS">
          <params>
            <param index="0">
              <value>
                <![CDATA[wrong@test.com]]>
              </value>
            </param>
            <param index="1">
              <value>
                <![CDATA[Test@123]]>
              </value>
            </param>
          </params>
          <reporter-output>
          </reporter-output>
        </test-method> <!-- loginWithInvalidPassword -->
        <test-method is-config="true" signature="tearDown()[pri:0, instance:Tests.LoginTest@5dd91bca]" started-at="2026-03-28T23:57:00 IST" name="tearDown" finished-at="2026-03-28T23:57:00 IST" duration-ms="213" status="PASS">
          <reporter-output>
          </reporter-output>
        </test-method> <!-- tearDown -->
        <test-method is-config="true" signature="setup()[pri:0, instance:Tests.LoginTest@5dd91bca]" started-at="2026-03-28T23:57:00 IST" name="setup" finished-at="2026-03-28T23:57:03 IST" duration-ms="2514" status="PASS">
          <reporter-output>
          </reporter-output>
        </test-method> <!-- setup -->
        <test-method signature="loginWithValidCredential(java.lang.String,java.lang.String)[pri:0, instance:Tests.LoginTest@5dd91bca]" started-at="2026-03-28T23:57:03 IST" name="loginWithValidCredential" data-provider="validloginData" finished-at="2026-03-28T23:57:12 IST" duration-ms="9147" status="PASS">
          <params>
            <param index="0">
              <value>
                <![CDATA[kamran44@mailinator.com]]>
              </value>
            </param>
            <param index="1">
              <value>
                <![CDATA[Test@123]]>
              </value>
            </param>
          </params>
          <reporter-output>
          </reporter-output>
        </test-method> <!-- loginWithValidCredential -->
        <test-method is-config="true" signature="tearDown()[pri:0, instance:Tests.LoginTest@5dd91bca]" started-at="2026-03-28T23:57:12 IST" name="tearDown" finished-at="2026-03-28T23:57:12 IST" duration-ms="391" status="PASS">
          <reporter-output>
          </reporter-output>
        </test-method> <!-- tearDown -->
      </class> <!-- Tests.LoginTest -->
      <class name="Tests.SignUpTest">
        <test-method is-config="true" signature="setup()[pri:0, instance:Tests.SignUpTest@5d2a4eed]" started-at="2026-03-28T23:55:30 IST" name="setup" finished-at="2026-03-28T23:55:33 IST" duration-ms="3128" status="PASS">
          <reporter-output>
          </reporter-output>
        </test-method> <!-- setup -->
        <test-method signature="signupWithExistingEmailTest()[pri:0, instance:Tests.SignUpTest@5d2a4eed]" started-at="2026-03-28T23:55:33 IST" name="signupWithExistingEmailTest" finished-at="2026-03-28T23:56:00 IST" duration-ms="26953" status="PASS">
          <reporter-output>
          </reporter-output>
        </test-method> <!-- signupWithExistingEmailTest -->
        <test-method is-config="true" signature="tearDown()[pri:0, instance:Tests.SignUpTest@5d2a4eed]" started-at="2026-03-28T23:56:00 IST" name="tearDown" finished-at="2026-03-28T23:56:00 IST" duration-ms="246" status="PASS">
          <reporter-output>
          </reporter-output>
        </test-method> <!-- tearDown -->
        <test-method is-config="true" signature="setup()[pri:0, instance:Tests.SignUpTest@5d2a4eed]" started-at="2026-03-28T23:56:01 IST" name="setup" finished-at="2026-03-28T23:56:03 IST" duration-ms="2555" status="PASS">
          <reporter-output>
          </reporter-output>
        </test-method> <!-- setup -->
        <test-method signature="validSignupTest(java.lang.String,java.lang.String,java.lang.String,java.lang.String,java.lang.String,java.lang.String,java.lang.String,java.lang.String,java.lang.String,java.lang.String,java.lang.String,java.lang.String,java.lang.String,java.lang.String,java.lang.String,java.lang.String)[pri:0, instance:Tests.SignUpTest@5d2a4eed]" started-at="2026-03-28T23:56:03 IST" name="validSignupTest" data-provider="signupData" finished-at="2026-03-28T23:56:37 IST" duration-ms="34066" status="PASS">
          <params>
            <param index="0">
              <value>
                <![CDATA[Mr]]>
              </value>
            </param>
            <param index="1">
              <value>
                <![CDATA[kamran]]>
              </value>
            </param>
            <param index="2">
              <value>
                <![CDATA[Test@123]]>
              </value>
            </param>
            <param index="3">
              <value>
                <![CDATA[10]]>
              </value>
            </param>
            <param index="4">
              <value>
                <![CDATA[May]]>
              </value>
            </param>
            <param index="5">
              <value>
                <![CDATA[1998]]>
              </value>
            </param>
            <param index="6">
              <value>
                <![CDATA[Kamran]]>
              </value>
            </param>
            <param index="7">
              <value>
                <![CDATA[Khan]]>
              </value>
            </param>
            <param index="8">
              <value>
                <![CDATA[ABC Company]]>
              </value>
            </param>
            <param index="9">
              <value>
                <![CDATA[Delhi India]]>
              </value>
            </param>
            <param index="10">
              <value>
                <![CDATA[Delhi]]>
              </value>
            </param>
            <param index="11">
              <value>
                <![CDATA[India]]>
              </value>
            </param>
            <param index="12">
              <value>
                <![CDATA[Delhi]]>
              </value>
            </param>
            <param index="13">
              <value>
                <![CDATA[Delhi]]>
              </value>
            </param>
            <param index="14">
              <value>
                <![CDATA[110001]]>
              </value>
            </param>
            <param index="15">
              <value>
                <![CDATA[9999999999]]>
              </value>
            </param>
          </params>
          <reporter-output>
          </reporter-output>
        </test-method> <!-- validSignupTest -->
        <test-method is-config="true" signature="tearDown()[pri:0, instance:Tests.SignUpTest@5d2a4eed]" started-at="2026-03-28T23:56:37 IST" name="tearDown" finished-at="2026-03-28T23:56:38 IST" duration-ms="612" status="PASS">
          <reporter-output>
          </reporter-output>
        </test-method> <!-- tearDown -->
        <test-method is-config="true" signature="setup()[pri:0, instance:Tests.SignUpTest@5d2a4eed]" started-at="2026-03-28T23:56:38 IST" name="setup" finished-at="2026-03-28T23:56:42 IST" duration-ms="4033" status="PASS">
          <reporter-output>
          </reporter-output>
        </test-method> <!-- setup -->
        <test-method signature="validSignupTest(java.lang.String,java.lang.String,java.lang.String,java.lang.String,java.lang.String,java.lang.String,java.lang.String,java.lang.String,java.lang.String,java.lang.String,java.lang.String,java.lang.String,java.lang.String,java.lang.String,java.lang.String,java.lang.String)[pri:0, instance:Tests.SignUpTest@5d2a4eed]" started-at="2026-03-28T23:56:42 IST" name="validSignupTest" data-provider="signupData" finished-at="2026-03-28T23:56:53 IST" duration-ms="10647" status="PASS">
          <params>
            <param index="0">
              <value>
                <![CDATA[Mrs]]>
              </value>
            </param>
            <param index="1">
              <value>
                <![CDATA[sara]]>
              </value>
            </param>
            <param index="2">
              <value>
                <![CDATA[Test@123]]>
              </value>
            </param>
            <param index="3">
              <value>
                <![CDATA[5]]>
              </value>
            </param>
            <param index="4">
              <value>
                <![CDATA[March]]>
              </value>
            </param>
            <param index="5">
              <value>
                <![CDATA[1995]]>
              </value>
            </param>
            <param index="6">
              <value>
                <![CDATA[Sara]]>
              </value>
            </param>
            <param index="7">
              <value>
                <![CDATA[Khan]]>
              </value>
            </param>
            <param index="8">
              <value>
                <![CDATA[XYZ Company]]>
              </value>
            </param>
            <param index="9">
              <value>
                <![CDATA[Mumbai India]]>
              </value>
            </param>
            <param index="10">
              <value>
                <![CDATA[Mumbai]]>
              </value>
            </param>
            <param index="11">
              <value>
                <![CDATA[India]]>
              </value>
            </param>
            <param index="12">
              <value>
                <![CDATA[Maharashtra]]>
              </value>
            </param>
            <param index="13">
              <value>
                <![CDATA[Mumbai]]>
              </value>
            </param>
            <param index="14">
              <value>
                <![CDATA[400001]]>
              </value>
            </param>
            <param index="15">
              <value>
                <![CDATA[8888888888]]>
              </value>
            </param>
          </params>
          <reporter-output>
          </reporter-output>
        </test-method> <!-- validSignupTest -->
        <test-method is-config="true" signature="tearDown()[pri:0, instance:Tests.SignUpTest@5d2a4eed]" started-at="2026-03-28T23:56:53 IST" name="tearDown" finished-at="2026-03-28T23:56:53 IST" duration-ms="287" status="PASS">
          <reporter-output>
          </reporter-output>
        </test-method> <!-- tearDown -->
      </class> <!-- Tests.SignUpTest -->
    </test> <!-- Test -->
  </suite> <!-- Suite -->
</testng-results>
