<?xml version="1.0" encoding="UTF-8"?>
<testng-results ignored="0" total="3" passed="3" failed="0" skipped="0">
  <reporter-output>
  </reporter-output>
  <suite started-at="2026-03-30T14:18:54 IST" name="Default suite" finished-at="2026-03-30T14:20:27 IST" duration-ms="92942">
    <groups>
    </groups>
    <test started-at="2026-03-30T14:18:54 IST" name="Default test" finished-at="2026-03-30T14:20:27 IST" duration-ms="92942">
      <class name="Tests.HomePageTest">
        <test-method is-config="true" signature="setup()[pri:0, instance:Tests.HomePageTest@bccb269]" started-at="2026-03-30T14:18:56 IST" name="setup" finished-at="2026-03-30T14:19:08 IST" duration-ms="11094" status="PASS">
          <reporter-output>
          </reporter-output>
        </test-method> <!-- setup -->
        <test-method signature="verifyCategoryAfterLogin(java.lang.String,java.lang.String,java.lang.String,java.lang.String)[pri:0, instance:Tests.HomePageTest@bccb269]" started-at="2026-03-30T14:19:08 IST" name="verifyCategoryAfterLogin" data-provider="validloginData" finished-at="2026-03-30T14:19:35 IST" duration-ms="27892" status="PASS">
          <params>
            <param index="0">
              <value>
                <![CDATA[kamran44@mailinator.com]]>
              </value>
            </param>
            <param index="1">
              <value>
                <![CDATA[Test@123]]>
              </value>
            </param>
            <param index="2">
              <value>
                <![CDATA[Women]]>
              </value>
            </param>
            <param index="3">
              <value>
                <![CDATA[Dress]]>
              </value>
            </param>
          </params>
          <reporter-output>
          </reporter-output>
        </test-method> <!-- verifyCategoryAfterLogin -->
        <test-method is-config="true" signature="tearDown()[pri:0, instance:Tests.HomePageTest@bccb269]" started-at="2026-03-30T14:19:35 IST" name="tearDown" finished-at="2026-03-30T14:19:38 IST" duration-ms="2668" status="PASS">
          <reporter-output>
          </reporter-output>
        </test-method> <!-- tearDown -->
        <test-method is-config="true" signature="setup()[pri:0, instance:Tests.HomePageTest@bccb269]" started-at="2026-03-30T14:19:38 IST" name="setup" finished-at="2026-03-30T14:19:41 IST" duration-ms="2538" status="PASS">
          <reporter-output>
          </reporter-output>
        </test-method> <!-- setup -->
        <test-method signature="verifyCategoryAfterLogin(java.lang.String,java.lang.String,java.lang.String,java.lang.String)[pri:0, instance:Tests.HomePageTest@bccb269]" started-at="2026-03-30T14:19:41 IST" name="verifyCategoryAfterLogin" data-provider="validloginData" finished-at="2026-03-30T14:20:03 IST" duration-ms="22148" status="PASS">
          <params>
            <param index="0">
              <value>
                <![CDATA[kamran44@mailinator.com]]>
              </value>
            </param>
            <param index="1">
              <value>
                <![CDATA[Test@123]]>
              </value>
            </param>
            <param index="2">
              <value>
                <![CDATA[Women]]>
              </value>
            </param>
            <param index="3">
              <value>
                <![CDATA[Tops]]>
              </value>
            </param>
          </params>
          <reporter-output>
          </reporter-output>
        </test-method> <!-- verifyCategoryAfterLogin -->
        <test-method is-config="true" signature="tearDown()[pri:0, instance:Tests.HomePageTest@bccb269]" started-at="2026-03-30T14:20:03 IST" name="tearDown" finished-at="2026-03-30T14:20:03 IST" duration-ms="303" status="PASS">
          <reporter-output>
          </reporter-output>
        </test-method> <!-- tearDown -->
        <test-method is-config="true" signature="setup()[pri:0, instance:Tests.HomePageTest@bccb269]" started-at="2026-03-30T14:20:03 IST" name="setup" finished-at="2026-03-30T14:20:06 IST" duration-ms="3004" status="PASS">
          <reporter-output>
          </reporter-output>
        </test-method> <!-- setup -->
        <test-method signature="verifyCategoryAfterLogin(java.lang.String,java.lang.String,java.lang.String,java.lang.String)[pri:0, instance:Tests.HomePageTest@bccb269]" started-at="2026-03-30T14:20:06 IST" name="verifyCategoryAfterLogin" data-provider="validloginData" finished-at="2026-03-30T14:20:27 IST" duration-ms="20623" status="PASS">
          <params>
            <param index="0">
              <value>
                <![CDATA[kamran44@mailinator.com]]>
              </value>
            </param>
            <param index="1">
              <value>
                <![CDATA[Test@123]]>
              </value>
            </param>
            <param index="2">
              <value>
                <![CDATA[Women]]>
              </value>
            </param>
            <param index="3">
              <value>
                <![CDATA[Saree]]>
              </value>
            </param>
          </params>
          <reporter-output>
          </reporter-output>
        </test-method> <!-- verifyCategoryAfterLogin -->
        <test-method is-config="true" signature="tearDown()[pri:0, instance:Tests.HomePageTest@bccb269]" started-at="2026-03-30T14:20:27 IST" name="tearDown" finished-at="2026-03-30T14:20:27 IST" duration-ms="299" status="PASS">
          <reporter-output>
          </reporter-output>
        </test-method> <!-- tearDown -->
      </class> <!-- Tests.HomePageTest -->
    </test> <!-- Default test -->
  </suite> <!-- Default suite -->
</testng-results>
