<?xml version="1.0" encoding="UTF-8"?>
<testng-results ignored="0" total="3" passed="3" failed="0" skipped="0">
  <reporter-output>
  </reporter-output>
  <suite started-at="2026-03-31T04:05:53 IST" name="Default suite" finished-at="2026-03-31T04:06:42 IST" duration-ms="49945">
    <groups>
    </groups>
    <test started-at="2026-03-31T04:05:53 IST" name="Default test" finished-at="2026-03-31T04:06:42 IST" duration-ms="49945">
      <class name="Tests.HomePageTest">
        <test-method is-config="true" signature="setup()[pri:0, instance:Tests.HomePageTest@609cd4d8]" started-at="2026-03-31T04:05:54 IST" name="setup" finished-at="2026-03-31T04:06:00 IST" duration-ms="5946" status="PASS">
          <reporter-output>
          </reporter-output>
        </test-method> <!-- setup -->
        <test-method signature="verifyCategoryAfterLogin(java.lang.String,java.lang.String,java.lang.String,java.lang.String,java.lang.String)[pri:0, instance:Tests.HomePageTest@609cd4d8]" started-at="2026-03-31T04:06:00 IST" name="verifyCategoryAfterLogin" data-provider="validloginData" finished-at="2026-03-31T04:06:09 IST" duration-ms="8620" status="PASS">
          <params>
            <param index="0">
              <value>
                <![CDATA[kamran44@mailinator.com]]>
              </value>
            </param>
            <param index="1">
              <value>
                <![CDATA[Test@123]]>
              </value>
            </param>
            <param index="2">
              <value>
                <![CDATA[Women]]>
              </value>
            </param>
            <param index="3">
              <value>
                <![CDATA[Dress]]>
              </value>
            </param>
            <param index="4">
              <value>
                <![CDATA[Polo]]>
              </value>
            </param>
          </params>
          <reporter-output>
          </reporter-output>
        </test-method> <!-- verifyCategoryAfterLogin -->
        <test-method is-config="true" signature="tearDown()[pri:0, instance:Tests.HomePageTest@609cd4d8]" started-at="2026-03-31T04:06:09 IST" name="tearDown" finished-at="2026-03-31T04:06:09 IST" duration-ms="383" status="PASS">
          <reporter-output>
          </reporter-output>
        </test-method> <!-- tearDown -->
        <test-method is-config="true" signature="setup()[pri:0, instance:Tests.HomePageTest@609cd4d8]" started-at="2026-03-31T04:06:09 IST" name="setup" finished-at="2026-03-31T04:06:17 IST" duration-ms="7449" status="PASS">
          <reporter-output>
          </reporter-output>
        </test-method> <!-- setup -->
        <test-method signature="verifyCategoryAfterLogin(java.lang.String,java.lang.String,java.lang.String,java.lang.String,java.lang.String)[pri:0, instance:Tests.HomePageTest@609cd4d8]" started-at="2026-03-31T04:06:17 IST" name="verifyCategoryAfterLogin" data-provider="validloginData" finished-at="2026-03-31T04:06:28 IST" duration-ms="11367" status="PASS">
          <params>
            <param index="0">
              <value>
                <![CDATA[kamran44@mailinator.com]]>
              </value>
            </param>
            <param index="1">
              <value>
                <![CDATA[Test@123]]>
              </value>
            </param>
            <param index="2">
              <value>
                <![CDATA[Women]]>
              </value>
            </param>
            <param index="3">
              <value>
                <![CDATA[Tops]]>
              </value>
            </param>
            <param index="4">
              <value>
                <![CDATA[H&M]]>
              </value>
            </param>
          </params>
          <reporter-output>
          </reporter-output>
        </test-method> <!-- verifyCategoryAfterLogin -->
        <test-method is-config="true" signature="tearDown()[pri:0, instance:Tests.HomePageTest@609cd4d8]" started-at="2026-03-31T04:06:28 IST" name="tearDown" finished-at="2026-03-31T04:06:29 IST" duration-ms="1233" status="PASS">
          <reporter-output>
          </reporter-output>
        </test-method> <!-- tearDown -->
        <test-method is-config="true" signature="setup()[pri:0, instance:Tests.HomePageTest@609cd4d8]" started-at="2026-03-31T04:06:29 IST" name="setup" finished-at="2026-03-31T04:06:32 IST" duration-ms="2860" status="PASS">
          <reporter-output>
          </reporter-output>
        </test-method> <!-- setup -->
        <test-method signature="verifyCategoryAfterLogin(java.lang.String,java.lang.String,java.lang.String,java.lang.String,java.lang.String)[pri:0, instance:Tests.HomePageTest@609cd4d8]" started-at="2026-03-31T04:06:32 IST" name="verifyCategoryAfterLogin" data-provider="validloginData" finished-at="2026-03-31T04:06:42 IST" duration-ms="10131" status="PASS">
          <params>
            <param index="0">
              <value>
                <![CDATA[kamran44@mailinator.com]]>
              </value>
            </param>
            <param index="1">
              <value>
                <![CDATA[Test@123]]>
              </value>
            </param>
            <param index="2">
              <value>
                <![CDATA[Women]]>
              </value>
            </param>
            <param index="3">
              <value>
                <![CDATA[Saree]]>
              </value>
            </param>
            <param index="4">
              <value>
                <![CDATA[Biba]]>
              </value>
            </param>
          </params>
          <reporter-output>
          </reporter-output>
        </test-method> <!-- verifyCategoryAfterLogin -->
        <test-method is-config="true" signature="tearDown()[pri:0, instance:Tests.HomePageTest@609cd4d8]" started-at="2026-03-31T04:06:42 IST" name="tearDown" finished-at="2026-03-31T04:06:42 IST" duration-ms="292" status="PASS">
          <reporter-output>
          </reporter-output>
        </test-method> <!-- tearDown -->
      </class> <!-- Tests.HomePageTest -->
    </test> <!-- Default test -->
  </suite> <!-- Default suite -->
</testng-results>
