<?xml version="1.0" encoding="UTF-8"?>
<!-- Generated by org.testng.reporters.JUnitReportReporter -->
<testsuite hostname="Aika" failures="0" tests="3" name="Tests.HomePageTest" time="90.569" errors="0" timestamp="2026-03-30T14:20:27 IST" skipped="0">
  <testcase classname="Tests.HomePageTest" name="verifyCategoryAfterLogin" time="23.464"/>
  <testcase classname="Tests.HomePageTest" name="verifyCategoryAfterLogin" time="33.541"/>
  <testcase classname="Tests.HomePageTest" name="verifyCategoryAfterLogin" time="33.564"/>
</testsuite> <!-- Tests.HomePageTest -->
