<?xml version="1.0" encoding="UTF-8"?>
<!-- Generated by org.testng.reporters.JUnitReportReporter -->
<testsuite hostname="Aika" failures="0" tests="3" name="Tests.HomePageTest" time="48.281" errors="0" timestamp="2026-03-31T04:06:43 IST" skipped="0">
  <testcase classname="Tests.HomePageTest" name="verifyCategoryAfterLogin" time="14.519"/>
  <testcase classname="Tests.HomePageTest" name="verifyCategoryAfterLogin" time="17.310"/>
  <testcase classname="Tests.HomePageTest" name="verifyCategoryAfterLogin" time="16.452"/>
</testsuite> <!-- Tests.HomePageTest -->
