<?xml version="1.0" encoding="UTF-8"?>
<!-- Generated by org.testng.reporters.JUnitReportReporter -->
<testsuite hostname="Aika" failures="0" tests="3" name="Tests.HomePageTest" time="87.809" errors="0" timestamp="2026-03-30T15:11:35 IST" skipped="0">
  <testcase classname="Tests.HomePageTest" name="verifyCategoryAfterLogin" time="21.208"/>
  <testcase classname="Tests.HomePageTest" name="verifyCategoryAfterLogin" time="47.285"/>
  <testcase classname="Tests.HomePageTest" name="verifyCategoryAfterLogin" time="19.316"/>
</testsuite> <!-- Tests.HomePageTest -->
