<?xml version="1.0" encoding="UTF-8"?>
<!-- Generated by org.testng.reporters.JUnitReportReporter -->
<testsuite hostname="Aika" failures="0" tests="4" name="Tests.LoginTest" time="35.809" errors="0" timestamp="2026-03-31T16:50:34 IST" skipped="0">
  <testcase classname="Tests.LoginTest" name="loginWithValidCredential" time="10.672"/>
  <testcase classname="Tests.LoginTest" name="loginWithValidCredential" time="8.658"/>
  <testcase classname="Tests.LoginTest" name="loginWithValidCredential" time="10.381"/>
  <testcase classname="Tests.LoginTest" name="loginWithInvalidPassword" time="6.098"/>
</testsuite> <!-- Tests.LoginTest -->
