<?xml version="1.0" encoding="UTF-8"?>
<!-- Generated by org.testng.reporters.JUnitReportReporter -->
<testsuite hostname="Aika" failures="0" tests="4" name="Tests.LoginTest" time="35.255" errors="0" timestamp="2026-03-31T04:57:20 IST" skipped="0">
  <testcase classname="Tests.LoginTest" name="loginWithInvalidPassword" time="6.793"/>
  <testcase classname="Tests.LoginTest" name="loginWithValidCredential" time="9.472"/>
  <testcase classname="Tests.LoginTest" name="loginWithValidCredential" time="9.434"/>
  <testcase classname="Tests.LoginTest" name="loginWithValidCredential" time="9.556"/>
</testsuite> <!-- Tests.LoginTest -->
