<?xml version="1.0" encoding="UTF-8"?>
<!-- Generated by org.testng.reporters.JUnitReportReporter -->
<testsuite hostname="Aika" failures="0" tests="6" name="Tests.HomePageTest" time="83.614" errors="0" timestamp="2026-03-31T16:50:34 IST" skipped="0">
  <testcase classname="Tests.HomePageTest" name="verifyCategoryAfterLogin" time="11.447"/>
  <testcase classname="Tests.HomePageTest" name="verifyBrandSelection" time="17.045"/>
  <testcase classname="Tests.HomePageTest" name="verifyBrandSelection" time="12.507"/>
  <testcase classname="Tests.HomePageTest" name="verifyBrandSelection" time="12.742"/>
  <testcase classname="Tests.HomePageTest" name="verifyCategoryAfterLogin" time="17.674"/>
  <testcase classname="Tests.HomePageTest" name="verifyCategoryAfterLogin" time="12.199"/>
</testsuite> <!-- Tests.HomePageTest -->
