<?xml version="1.0" encoding="UTF-8"?>
<!-- Generated by org.testng.reporters.JUnitReportReporter -->
<testsuite hostname="Aika" failures="0" tests="3" name="Tests.SignUpTest" time="57.379" errors="0" timestamp="2026-03-30T15:11:35 IST" skipped="0">
  <testcase classname="Tests.SignUpTest" name="signupWithExistingEmailTest" time="6.973"/>
  <testcase classname="Tests.SignUpTest" name="validSignupTest" time="35.286"/>
  <testcase classname="Tests.SignUpTest" name="validSignupTest" time="15.120"/>
</testsuite> <!-- Tests.SignUpTest -->
