<?xml version="1.0" encoding="UTF-8"?>
<!-- Generated by org.testng.reporters.JUnitReportReporter -->
<testsuite hostname="Aika" failures="0" tests="3" name="Tests.SignUpTest" time="82.527" errors="0" timestamp="2026-03-28T23:57:13 IST" skipped="0">
  <testcase classname="Tests.SignUpTest" name="validSignupTest" time="38.386"/>
  <testcase classname="Tests.SignUpTest" name="validSignupTest" time="14.387"/>
  <testcase classname="Tests.SignUpTest" name="signupWithExistingEmailTest" time="29.754"/>
</testsuite> <!-- Tests.SignUpTest -->
